  [1m[35m (14.4ms)[0m  [1m[35mCREATE TABLE "schema_migrations" ("version" character varying NOT NULL PRIMARY KEY)[0m
  [1m[35m (21.1ms)[0m  [1m[35mCREATE TABLE "ar_internal_metadata" ("key" character varying NOT NULL PRIMARY KEY, "value" character varying, "created_at" timestamp NOT NULL, "updated_at" timestamp NOT NULL)[0m
  [1m[35m (0.8ms)[0m  [1m[34mSELECT pg_try_advisory_lock(220963415657341770)[0m
  [1m[35m (0.4ms)[0m  [1m[34mSELECT "schema_migrations"."version" FROM "schema_migrations" ORDER BY "schema_migrations"."version" ASC[0m
Migrating to DeviseCreateUsers (20170815132601)
  [1m[35m (0.2ms)[0m  [1m[35mBEGIN[0m
  [1m[35m (23.0ms)[0m  [1m[35mCREATE TABLE "users" ("id" bigserial primary key, "email" character varying DEFAULT '' NOT NULL, "encrypted_password" character varying DEFAULT '' NOT NULL, "reset_password_token" character varying, "reset_password_sent_at" timestamp, "remember_created_at" timestamp, "sign_in_count" integer DEFAULT 0 NOT NULL, "current_sign_in_at" timestamp, "last_sign_in_at" timestamp, "current_sign_in_ip" character varying, "last_sign_in_ip" character varying, "confirmation_token" character varying, "confirmed_at" timestamp, "confirmation_sent_at" timestamp, "unconfirmed_email" character varying, "failed_attempts" integer DEFAULT 0 NOT NULL, "unlock_token" character varying, "locked_at" timestamp, "role" integer, "first_name" character varying, "last_name" character varying, "slug" character varying, "created_at" timestamp NOT NULL, "updated_at" timestamp NOT NULL)[0m
  [1m[35m (1.5ms)[0m  [1m[35mCREATE UNIQUE INDEX  "index_users_on_email" ON "users"  ("email")[0m
  [1m[35m (0.9ms)[0m  [1m[35mCREATE UNIQUE INDEX  "index_users_on_reset_password_token" ON "users"  ("reset_password_token")[0m
  [1m[35m (0.9ms)[0m  [1m[35mCREATE UNIQUE INDEX  "index_users_on_confirmation_token" ON "users"  ("confirmation_token")[0m
  [1m[35m (0.8ms)[0m  [1m[35mCREATE UNIQUE INDEX  "index_users_on_unlock_token" ON "users"  ("unlock_token")[0m
  [1m[35m (2.8ms)[0m  [1m[35mCREATE UNIQUE INDEX  "index_users_on_slug" ON "users"  ("slug")[0m
  [1m[35mSQL (1.0ms)[0m  [1m[32mINSERT INTO "schema_migrations" ("version") VALUES ($1) RETURNING "version"[0m  [["version", "20170815132601"]]
  [1m[35m (0.5ms)[0m  [1m[35mCOMMIT[0m
Migrating to CreateFriendlyIdSlugs (20170816134443)
  [1m[35m (6.0ms)[0m  [1m[35mBEGIN[0m
  [1m[35m (21.3ms)[0m  [1m[35mCREATE TABLE "friendly_id_slugs" ("id" serial NOT NULL PRIMARY KEY, "slug" character varying NOT NULL, "sluggable_id" integer NOT NULL, "sluggable_type" character varying(50), "scope" character varying, "created_at" timestamp)[0m
  [1m[35m (0.7ms)[0m  [1m[35mCREATE  INDEX  "index_friendly_id_slugs_on_sluggable_id" ON "friendly_id_slugs"  ("sluggable_id")[0m
  [1m[35m (0.9ms)[0m  [1m[35mCREATE  INDEX  "index_friendly_id_slugs_on_slug_and_sluggable_type" ON "friendly_id_slugs"  ("slug", "sluggable_type")[0m
  [1m[35m (2.4ms)[0m  [1m[35mCREATE UNIQUE INDEX  "index_friendly_id_slugs_on_slug_and_sluggable_type_and_scope" ON "friendly_id_slugs"  ("slug", "sluggable_type", "scope")[0m
  [1m[35m (3.1ms)[0m  [1m[35mCREATE  INDEX  "index_friendly_id_slugs_on_sluggable_type" ON "friendly_id_slugs"  ("sluggable_type")[0m
  [1m[35mSQL (0.3ms)[0m  [1m[32mINSERT INTO "schema_migrations" ("version") VALUES ($1) RETURNING "version"[0m  [["version", "20170816134443"]]
  [1m[35m (1.8ms)[0m  [1m[35mCOMMIT[0m
  [1m[36mActiveRecord::InternalMetadata Load (0.4ms)[0m  [1m[34mSELECT  "ar_internal_metadata".* FROM "ar_internal_metadata" WHERE "ar_internal_metadata"."key" = $1 LIMIT $2[0m  [["key", "environment"], ["LIMIT", 1]]
  [1m[35m (0.3ms)[0m  [1m[35mBEGIN[0m
  [1m[35mSQL (0.4ms)[0m  [1m[32mINSERT INTO "ar_internal_metadata" ("key", "value", "created_at", "updated_at") VALUES ($1, $2, $3, $4) RETURNING "key"[0m  [["key", "environment"], ["value", "development"], ["created_at", "2018-12-05 19:01:05.178541"], ["updated_at", "2018-12-05 19:01:05.178541"]]
  [1m[35m (0.4ms)[0m  [1m[35mCOMMIT[0m
  [1m[35m (1.8ms)[0m  [1m[34mSELECT pg_advisory_unlock(220963415657341770)[0m
  [1m[35m (6.3ms)[0m  [1m[34mSELECT "schema_migrations"."version" FROM "schema_migrations" ORDER BY "schema_migrations"."version" ASC[0m
  [1m[35m (0.2ms)[0m  [1m[34mSELECT "schema_migrations"."version" FROM "schema_migrations" ORDER BY "schema_migrations"."version" ASC[0m
  [1m[35m (0.3ms)[0m  [1m[35mBEGIN[0m
  [1m[36mUser Exists (0.7ms)[0m  [1m[34mSELECT  1 AS one FROM "users" WHERE ("users"."id" IS NOT NULL) AND "users"."slug" = $1 LIMIT $2[0m  [["slug", "admin-user"], ["LIMIT", 1]]
  [1m[36mUser Exists (0.2ms)[0m  [1m[34mSELECT  1 AS one FROM "users" WHERE "users"."email" = $1 LIMIT $2[0m  [["email", "admin@test.com"], ["LIMIT", 1]]
  [1m[35mSQL (0.8ms)[0m  [1m[32mINSERT INTO "users" ("email", "encrypted_password", "confirmed_at", "role", "first_name", "last_name", "slug", "created_at", "updated_at") VALUES ($1, $2, $3, $4, $5, $6, $7, $8, $9) RETURNING "id"[0m  [["email", "admin@test.com"], ["encrypted_password", "$2a$11$ThtNNZTNQ.0n1aDWb7RoZuJGTKhItSaSdVrBR/Sze1976sQag1DRG"], ["confirmed_at", "2018-12-05 00:00:00"], ["role", 1], ["first_name", "Admin"], ["last_name", "User"], ["slug", "admin-user"], ["created_at", "2018-12-05 19:01:05.978576"], ["updated_at", "2018-12-05 19:01:05.978576"]]
  [1m[35m (6.5ms)[0m  [1m[35mCOMMIT[0m
  [1m[35m (0.1ms)[0m  [1m[35mBEGIN[0m
  [1m[36mUser Exists (0.3ms)[0m  [1m[34mSELECT  1 AS one FROM "users" WHERE ("users"."id" IS NOT NULL) AND "users"."slug" = $1 LIMIT $2[0m  [["slug", "ordinary-user"], ["LIMIT", 1]]
  [1m[36mUser Exists (0.2ms)[0m  [1m[34mSELECT  1 AS one FROM "users" WHERE "users"."email" = $1 LIMIT $2[0m  [["email", "user@test.com"], ["LIMIT", 1]]
  [1m[35mSQL (0.2ms)[0m  [1m[32mINSERT INTO "users" ("email", "encrypted_password", "confirmed_at", "role", "first_name", "last_name", "slug", "created_at", "updated_at") VALUES ($1, $2, $3, $4, $5, $6, $7, $8, $9) RETURNING "id"[0m  [["email", "user@test.com"], ["encrypted_password", "$2a$11$1eR0AI/.sdtBfkDDVPc5CuHEAQQ4IC06jZdtRv/xaVyTTslUlnWTu"], ["confirmed_at", "2018-12-05 00:00:00"], ["role", 0], ["first_name", "Ordinary"], ["last_name", "User"], ["slug", "ordinary-user"], ["created_at", "2018-12-05 19:01:06.110382"], ["updated_at", "2018-12-05 19:01:06.110382"]]
  [1m[35m (5.8ms)[0m  [1m[35mCOMMIT[0m
  [1m[35m (32.1ms)[0m  [1m[35mCREATE TABLE "schema_migrations" ("version" character varying NOT NULL PRIMARY KEY)[0m
  [1m[35m (4.9ms)[0m  [1m[35mCREATE TABLE "ar_internal_metadata" ("key" character varying NOT NULL PRIMARY KEY, "value" character varying, "created_at" timestamp NOT NULL, "updated_at" timestamp NOT NULL)[0m
  [1m[35m (0.6ms)[0m  [1m[34mSELECT pg_try_advisory_lock(220963415657341770)[0m
  [1m[35m (1.4ms)[0m  [1m[34mSELECT "schema_migrations"."version" FROM "schema_migrations" ORDER BY "schema_migrations"."version" ASC[0m
Migrating to DeviseCreateUsers (20170815132601)
  [1m[35m (0.3ms)[0m  [1m[35mBEGIN[0m
  [1m[35m (6.4ms)[0m  [1m[35mCREATE TABLE "users" ("id" bigserial primary key, "email" character varying DEFAULT '' NOT NULL, "encrypted_password" character varying DEFAULT '' NOT NULL, "reset_password_token" character varying, "reset_password_sent_at" timestamp, "remember_created_at" timestamp, "sign_in_count" integer DEFAULT 0 NOT NULL, "current_sign_in_at" timestamp, "last_sign_in_at" timestamp, "current_sign_in_ip" character varying, "last_sign_in_ip" character varying, "confirmation_token" character varying, "confirmed_at" timestamp, "confirmation_sent_at" timestamp, "unconfirmed_email" character varying, "failed_attempts" integer DEFAULT 0 NOT NULL, "unlock_token" character varying, "locked_at" timestamp, "role" integer, "first_name" character varying, "last_name" character varying, "slug" character varying, "created_at" timestamp NOT NULL, "updated_at" timestamp NOT NULL)[0m
  [1m[35m (1.1ms)[0m  [1m[35mCREATE UNIQUE INDEX  "index_users_on_email" ON "users"  ("email")[0m
  [1m[35m (1.1ms)[0m  [1m[35mCREATE UNIQUE INDEX  "index_users_on_reset_password_token" ON "users"  ("reset_password_token")[0m
  [1m[35m (1.0ms)[0m  [1m[35mCREATE UNIQUE INDEX  "index_users_on_confirmation_token" ON "users"  ("confirmation_token")[0m
  [1m[35m (0.9ms)[0m  [1m[35mCREATE UNIQUE INDEX  "index_users_on_unlock_token" ON "users"  ("unlock_token")[0m
  [1m[35m (0.9ms)[0m  [1m[35mCREATE UNIQUE INDEX  "index_users_on_slug" ON "users"  ("slug")[0m
  [1m[35mSQL (0.7ms)[0m  [1m[32mINSERT INTO "schema_migrations" ("version") VALUES ($1) RETURNING "version"[0m  [["version", "20170815132601"]]
  [1m[35m (0.9ms)[0m  [1m[35mCOMMIT[0m
Migrating to CreateFriendlyIdSlugs (20170816134443)
  [1m[35m (0.2ms)[0m  [1m[35mBEGIN[0m
  [1m[35m (4.3ms)[0m  [1m[35mCREATE TABLE "friendly_id_slugs" ("id" serial NOT NULL PRIMARY KEY, "slug" character varying NOT NULL, "sluggable_id" integer NOT NULL, "sluggable_type" character varying(50), "scope" character varying, "created_at" timestamp)[0m
  [1m[35m (1.0ms)[0m  [1m[35mCREATE  INDEX  "index_friendly_id_slugs_on_sluggable_id" ON "friendly_id_slugs"  ("sluggable_id")[0m
  [1m[35m (0.9ms)[0m  [1m[35mCREATE  INDEX  "index_friendly_id_slugs_on_slug_and_sluggable_type" ON "friendly_id_slugs"  ("slug", "sluggable_type")[0m
  [1m[35m (0.9ms)[0m  [1m[35mCREATE UNIQUE INDEX  "index_friendly_id_slugs_on_slug_and_sluggable_type_and_scope" ON "friendly_id_slugs"  ("slug", "sluggable_type", "scope")[0m
  [1m[35m (1.0ms)[0m  [1m[35mCREATE  INDEX  "index_friendly_id_slugs_on_sluggable_type" ON "friendly_id_slugs"  ("sluggable_type")[0m
  [1m[35mSQL (0.6ms)[0m  [1m[32mINSERT INTO "schema_migrations" ("version") VALUES ($1) RETURNING "version"[0m  [["version", "20170816134443"]]
  [1m[35m (0.6ms)[0m  [1m[35mCOMMIT[0m
  [1m[36mActiveRecord::InternalMetadata Load (1.3ms)[0m  [1m[34mSELECT  "ar_internal_metadata".* FROM "ar_internal_metadata" WHERE "ar_internal_metadata"."key" = $1 LIMIT $2[0m  [["key", "environment"], ["LIMIT", 1]]
  [1m[35m (0.1ms)[0m  [1m[35mBEGIN[0m
  [1m[35mSQL (1.2ms)[0m  [1m[32mINSERT INTO "ar_internal_metadata" ("key", "value", "created_at", "updated_at") VALUES ($1, $2, $3, $4) RETURNING "key"[0m  [["key", "environment"], ["value", "development"], ["created_at", "2018-12-05 21:02:55.747543"], ["updated_at", "2018-12-05 21:02:55.747543"]]
  [1m[35m (0.4ms)[0m  [1m[35mCOMMIT[0m
  [1m[35m (0.4ms)[0m  [1m[34mSELECT pg_advisory_unlock(220963415657341770)[0m
  [1m[35m (0.2ms)[0m  [1m[34mSELECT "schema_migrations"."version" FROM "schema_migrations" ORDER BY "schema_migrations"."version" ASC[0m
  [1m[35m (0.2ms)[0m  [1m[34mSELECT "schema_migrations"."version" FROM "schema_migrations" ORDER BY "schema_migrations"."version" ASC[0m
  [1m[35m (0.2ms)[0m  [1m[35mBEGIN[0m
  [1m[36mUser Exists (5.3ms)[0m  [1m[34mSELECT  1 AS one FROM "users" WHERE ("users"."id" IS NOT NULL) AND "users"."slug" = $1 LIMIT $2[0m  [["slug", "admin-user"], ["LIMIT", 1]]
  [1m[36mUser Exists (0.3ms)[0m  [1m[34mSELECT  1 AS one FROM "users" WHERE "users"."email" = $1 LIMIT $2[0m  [["email", "admin@test.com"], ["LIMIT", 1]]
  [1m[35mSQL (1.3ms)[0m  [1m[32mINSERT INTO "users" ("email", "encrypted_password", "confirmed_at", "role", "first_name", "last_name", "slug", "created_at", "updated_at") VALUES ($1, $2, $3, $4, $5, $6, $7, $8, $9) RETURNING "id"[0m  [["email", "admin@test.com"], ["encrypted_password", "$2a$11$bjBnUEByFvv8KVvrIi7/PerzYrqcwN36YY6XaMTCj4nWvAx76HOke"], ["confirmed_at", "2018-12-05 00:00:00"], ["role", 1], ["first_name", "Admin"], ["last_name", "User"], ["slug", "admin-user"], ["created_at", "2018-12-05 21:02:56.495650"], ["updated_at", "2018-12-05 21:02:56.495650"]]
  [1m[35m (0.6ms)[0m  [1m[35mCOMMIT[0m
  [1m[35m (0.2ms)[0m  [1m[35mBEGIN[0m
  [1m[36mUser Exists (0.4ms)[0m  [1m[34mSELECT  1 AS one FROM "users" WHERE ("users"."id" IS NOT NULL) AND "users"."slug" = $1 LIMIT $2[0m  [["slug", "ordinary-user"], ["LIMIT", 1]]
  [1m[36mUser Exists (0.2ms)[0m  [1m[34mSELECT  1 AS one FROM "users" WHERE "users"."email" = $1 LIMIT $2[0m  [["email", "user@test.com"], ["LIMIT", 1]]
  [1m[35mSQL (0.3ms)[0m  [1m[32mINSERT INTO "users" ("email", "encrypted_password", "confirmed_at", "role", "first_name", "last_name", "slug", "created_at", "updated_at") VALUES ($1, $2, $3, $4, $5, $6, $7, $8, $9) RETURNING "id"[0m  [["email", "user@test.com"], ["encrypted_password", "$2a$11$4k7r41k9JdNsx.Kgs/n2Du53HpYGecEQF0hgbG08GtqnIcpHHoOqC"], ["confirmed_at", "2018-12-05 00:00:00"], ["role", 0], ["first_name", "Ordinary"], ["last_name", "User"], ["slug", "ordinary-user"], ["created_at", "2018-12-05 21:02:56.621624"], ["updated_at", "2018-12-05 21:02:56.621624"]]
  [1m[35m (2.1ms)[0m  [1m[35mCOMMIT[0m
Started GET "/" for 127.0.0.1 at 2018-12-05 13:05:29 -0800
  [1m[35m (2.5ms)[0m  [1m[34mSELECT "schema_migrations"."version" FROM "schema_migrations" ORDER BY "schema_migrations"."version" ASC[0m
Processing by HomeController#index as HTML
Completed 401 Unauthorized in 15ms (ActiveRecord: 0.0ms)


Started GET "/users/sign_in" for 127.0.0.1 at 2018-12-05 13:05:30 -0800
Processing by Devise::SessionsController#new as HTML
  Rendering devise/sessions/new.html.erb within layouts/guest
  Rendered devise/shared/_links.html.erb (2.4ms)
  Rendered devise/sessions/new.html.erb within layouts/guest (27.5ms)
  Rendering layouts/application.html.erb
  Rendered layouts/application.html.erb (206.9ms)
Completed 500 Internal Server Error in 288ms (ActiveRecord: 10.8ms)



Sprockets::FileNotFound - couldn't find file 'sweetalert2/dist/sweetalert2' with type 'text/css'
Checked in these paths: 
  /Users/bwood/code/rails/5.1/ccc-class-planner/app/assets/config
  /Users/bwood/code/rails/5.1/ccc-class-planner/app/assets/images
  /Users/bwood/code/rails/5.1/ccc-class-planner/app/assets/javascripts
  /Users/bwood/code/rails/5.1/ccc-class-planner/app/assets/stylesheets
  /Users/bwood/.rvm/gems/ruby-2.3.7/gems/select2-rails-4.0.3/vendor/assets/javascripts
  /Users/bwood/.rvm/gems/ruby-2.3.7/gems/select2-rails-4.0.3/vendor/assets/stylesheets
  /Users/bwood/.rvm/gems/ruby-2.3.7/gems/jquery-rails-4.3.1/vendor/assets/javascripts
  /Users/bwood/.rvm/gems/ruby-2.3.7/gems/actioncable-5.1.3/lib/assets/compiled
  /Users/bwood/.rvm/gems/ruby-2.3.7/gems/actionview-5.1.3/lib/assets/compiled
  /Users/bwood/.rvm/gems/ruby-2.3.7/gems/turbolinks-source-5.0.3/lib/assets/javascripts
  /Users/bwood/code/rails/5.1/ccc-class-planner/node_modules
  /Users/bwood/.rvm/gems/ruby-2.3.7/gems/bootstrap-sass-3.3.7/assets/stylesheets
  /Users/bwood/.rvm/gems/ruby-2.3.7/gems/bootstrap-sass-3.3.7/assets/javascripts
  /Users/bwood/.rvm/gems/ruby-2.3.7/gems/bootstrap-sass-3.3.7/assets/fonts
  /Users/bwood/.rvm/gems/ruby-2.3.7/gems/bootstrap-sass-3.3.7/assets/images:
  sprockets (3.7.1) lib/sprockets/directive_processor.rb:182:in `rescue in block in process_directives'
  sprockets (3.7.1) lib/sprockets/directive_processor.rb:179:in `block in process_directives'
  sprockets (3.7.1) lib/sprockets/directive_processor.rb:178:in `process_directives'
  sprockets (3.7.1) lib/sprockets/directive_processor.rb:83:in `_call'
  sprockets (3.7.1) lib/sprockets/directive_processor.rb:68:in `call'
  sprockets (3.7.1) lib/sprockets/processor_utils.rb:75:in `call_processor'
  sprockets (3.7.1) lib/sprockets/processor_utils.rb:57:in `block in call_processors'
  sprockets (3.7.1) lib/sprockets/processor_utils.rb:56:in `call_processors'
  sprockets (3.7.1) lib/sprockets/loader.rb:134:in `load_from_unloaded'
  sprockets (3.7.1) lib/sprockets/loader.rb:60:in `block in load'
  sprockets (3.7.1) lib/sprockets/loader.rb:317:in `fetch_asset_from_dependency_cache'
  sprockets (3.7.1) lib/sprockets/loader.rb:44:in `load'
  sprockets (3.7.1) lib/sprockets/cached_environment.rb:20:in `block in initialize'
  sprockets (3.7.1) lib/sprockets/cached_environment.rb:47:in `load'
  sprockets (3.7.1) lib/sprockets/bundle.rb:23:in `block in call'
  sprockets (3.7.1) lib/sprockets/utils.rb:200:in `dfs'
  sprockets (3.7.1) lib/sprockets/bundle.rb:24:in `call'
  sprockets (3.7.1) lib/sprockets/processor_utils.rb:75:in `call_processor'
  sprockets (3.7.1) lib/sprockets/processor_utils.rb:57:in `block in call_processors'
  sprockets (3.7.1) lib/sprockets/processor_utils.rb:56:in `call_processors'
  sprockets (3.7.1) lib/sprockets/loader.rb:134:in `load_from_unloaded'
  sprockets (3.7.1) lib/sprockets/loader.rb:60:in `block in load'
  sprockets (3.7.1) lib/sprockets/loader.rb:317:in `fetch_asset_from_dependency_cache'
  sprockets (3.7.1) lib/sprockets/loader.rb:44:in `load'
  sprockets (3.7.1) lib/sprockets/cached_environment.rb:20:in `block in initialize'
  sprockets (3.7.1) lib/sprockets/cached_environment.rb:47:in `load'
  sprockets (3.7.1) lib/sprockets/base.rb:66:in `find_asset'
  sprockets (3.7.1) lib/sprockets/base.rb:92:in `[]'
  sprockets-rails (3.2.0) lib/sprockets/rails/helper.rb:355:in `find_asset'
  sprockets-rails (3.2.0) lib/sprockets/rails/helper.rb:347:in `find_debug_asset'
  sprockets-rails (3.2.0) lib/sprockets/rails/helper.rb:229:in `block in lookup_debug_asset'
  sprockets-rails (3.2.0) lib/sprockets/rails/helper.rb:242:in `block in resolve_asset'
  sprockets-rails (3.2.0) lib/sprockets/rails/helper.rb:241:in `resolve_asset'
  sprockets-rails (3.2.0) lib/sprockets/rails/helper.rb:228:in `lookup_debug_asset'
  sprockets-rails (3.2.0) lib/sprockets/rails/helper.rb:170:in `block in stylesheet_link_tag'
  sprockets-rails (3.2.0) lib/sprockets/rails/helper.rb:169:in `stylesheet_link_tag'
  app/views/layouts/application.html.erb:9:in `_app_views_layouts_application_html_erb___1280959667163718066_70121007484280'
  actionview (5.1.3) lib/action_view/template.rb:157:in `block in render'
  activesupport (5.1.3) lib/active_support/notifications.rb:168:in `instrument'
  actionview (5.1.3) lib/action_view/template.rb:352:in `instrument_render_template'
  actionview (5.1.3) lib/action_view/template.rb:155:in `render'
  rack-mini-profiler (0.10.5) lib/mini_profiler/profiling_methods.rb:102:in `block in profile_method'
  actionview (5.1.3) lib/action_view/renderer/template_renderer.rb:52:in `block (2 levels) in render_template'
  actionview (5.1.3) lib/action_view/renderer/abstract_renderer.rb:42:in `block in instrument'
  activesupport (5.1.3) lib/active_support/notifications.rb:166:in `block in instrument'
  activesupport (5.1.3) lib/active_support/notifications/instrumenter.rb:21:in `instrument'
  activesupport (5.1.3) lib/active_support/notifications.rb:166:in `instrument'
  actionview (5.1.3) lib/action_view/renderer/abstract_renderer.rb:41:in `instrument'
  actionview (5.1.3) lib/action_view/renderer/template_renderer.rb:51:in `block in render_template'
  actionview (5.1.3) lib/action_view/renderer/template_renderer.rb:59:in `render_with_layout'
  actionview (5.1.3) lib/action_view/renderer/template_renderer.rb:50:in `render_template'
  actionview (5.1.3) lib/action_view/renderer/template_renderer.rb:14:in `render'
  actionview (5.1.3) lib/action_view/renderer/renderer.rb:42:in `render_template'
  actionview (5.1.3) lib/action_view/renderer/renderer.rb:23:in `render'
  actionview (5.1.3) lib/action_view/helpers/rendering_helper.rb:32:in `render'
  app/views/layouts/guest.html.erb:9:in `_app_views_layouts_guest_html_erb__2487670419387902826_70121062157520'
  actionview (5.1.3) lib/action_view/template.rb:157:in `block in render'
  activesupport (5.1.3) lib/active_support/notifications.rb:168:in `instrument'
  actionview (5.1.3) lib/action_view/template.rb:352:in `instrument_render_template'
  actionview (5.1.3) lib/action_view/template.rb:155:in `render'
  rack-mini-profiler (0.10.5) lib/mini_profiler/profiling_methods.rb:102:in `block in profile_method'
  actionview (5.1.3) lib/action_view/renderer/template_renderer.rb:64:in `render_with_layout'
  actionview (5.1.3) lib/action_view/renderer/template_renderer.rb:50:in `render_template'
  actionview (5.1.3) lib/action_view/renderer/template_renderer.rb:14:in `render'
  actionview (5.1.3) lib/action_view/renderer/renderer.rb:42:in `render_template'
  actionview (5.1.3) lib/action_view/renderer/renderer.rb:23:in `render'
  actionview (5.1.3) lib/action_view/rendering.rb:103:in `_render_template'
  actionpack (5.1.3) lib/action_controller/metal/streaming.rb:217:in `_render_template'
  actionview (5.1.3) lib/action_view/rendering.rb:83:in `render_to_body'
  actionpack (5.1.3) lib/action_controller/metal/rendering.rb:52:in `render_to_body'
  actionpack (5.1.3) lib/action_controller/metal/renderers.rb:141:in `render_to_body'
  actionpack (5.1.3) lib/abstract_controller/rendering.rb:24:in `render'
  actionpack (5.1.3) lib/action_controller/metal/rendering.rb:36:in `render'
  actionpack (5.1.3) lib/action_controller/metal/instrumentation.rb:44:in `block (2 levels) in render'
  activesupport (5.1.3) lib/active_support/core_ext/benchmark.rb:12:in `block in ms'
  /Users/bwood/.rvm/rubies/ruby-2.3.7/lib/ruby/2.3.0/benchmark.rb:308:in `realtime'
  activesupport (5.1.3) lib/active_support/core_ext/benchmark.rb:12:in `ms'
  actionpack (5.1.3) lib/action_controller/metal/instrumentation.rb:44:in `block in render'
  actionpack (5.1.3) lib/action_controller/metal/instrumentation.rb:87:in `cleanup_view_runtime'
  activerecord (5.1.3) lib/active_record/railties/controller_runtime.rb:29:in `cleanup_view_runtime'
  actionpack (5.1.3) lib/action_controller/metal/instrumentation.rb:43:in `render'
  responders (2.4.0) lib/action_controller/responder.rb:238:in `default_render'
  responders (2.4.0) lib/action_controller/responder.rb:170:in `to_html'
  responders (2.4.0) lib/action_controller/responder.rb:163:in `respond'
  responders (2.4.0) lib/action_controller/responder.rb:156:in `call'
  responders (2.4.0) lib/action_controller/respond_with.rb:211:in `respond_with'
  devise (4.3.0) app/controllers/devise/sessions_controller.rb:12:in `new'
  actionpack (5.1.3) lib/action_controller/metal/basic_implicit_render.rb:4:in `send_action'
  actionpack (5.1.3) lib/abstract_controller/base.rb:186:in `process_action'
  actionpack (5.1.3) lib/action_controller/metal/rendering.rb:30:in `process_action'
  actionpack (5.1.3) lib/abstract_controller/callbacks.rb:20:in `block in process_action'
  activesupport (5.1.3) lib/active_support/callbacks.rb:131:in `run_callbacks'
  actionpack (5.1.3) lib/abstract_controller/callbacks.rb:19:in `process_action'
  actionpack (5.1.3) lib/action_controller/metal/rescue.rb:20:in `process_action'
  actionpack (5.1.3) lib/action_controller/metal/instrumentation.rb:32:in `block in process_action'
  activesupport (5.1.3) lib/active_support/notifications.rb:166:in `block in instrument'
  activesupport (5.1.3) lib/active_support/notifications/instrumenter.rb:21:in `instrument'
  activesupport (5.1.3) lib/active_support/notifications.rb:166:in `instrument'
  actionpack (5.1.3) lib/action_controller/metal/instrumentation.rb:30:in `process_action'
  actionpack (5.1.3) lib/action_controller/metal/params_wrapper.rb:252:in `process_action'
  activerecord (5.1.3) lib/active_record/railties/controller_runtime.rb:22:in `process_action'
  actionpack (5.1.3) lib/abstract_controller/base.rb:124:in `process'
  actionview (5.1.3) lib/action_view/rendering.rb:30:in `process'
  rack-mini-profiler (0.10.5) lib/mini_profiler/profiling_methods.rb:102:in `block in profile_method'
  actionpack (5.1.3) lib/action_controller/metal.rb:189:in `dispatch'
  actionpack (5.1.3) lib/action_controller/metal.rb:253:in `dispatch'
  actionpack (5.1.3) lib/action_dispatch/routing/route_set.rb:49:in `dispatch'
  actionpack (5.1.3) lib/action_dispatch/routing/route_set.rb:31:in `serve'
  actionpack (5.1.3) lib/action_dispatch/routing/mapper.rb:16:in `block in <class:Constraints>'
  actionpack (5.1.3) lib/action_dispatch/routing/mapper.rb:46:in `serve'
  actionpack (5.1.3) lib/action_dispatch/journey/router.rb:46:in `block in serve'
  actionpack (5.1.3) lib/action_dispatch/journey/router.rb:33:in `serve'
  actionpack (5.1.3) lib/action_dispatch/routing/route_set.rb:834:in `call'
  bullet (5.6.1) lib/bullet/rack.rb:12:in `call'
  warden (1.2.7) lib/warden/manager.rb:36:in `block in call'
  warden (1.2.7) lib/warden/manager.rb:35:in `call'
  rack (2.0.3) lib/rack/etag.rb:25:in `call'
  rack (2.0.3) lib/rack/conditional_get.rb:25:in `call'
  rack (2.0.3) lib/rack/head.rb:12:in `call'
  rack (2.0.3) lib/rack/session/abstract/id.rb:232:in `context'
  rack (2.0.3) lib/rack/session/abstract/id.rb:226:in `call'
  actionpack (5.1.3) lib/action_dispatch/middleware/cookies.rb:613:in `call'
  activerecord (5.1.3) lib/active_record/migration.rb:556:in `call'
  actionpack (5.1.3) lib/action_dispatch/middleware/callbacks.rb:26:in `block in call'
  activesupport (5.1.3) lib/active_support/callbacks.rb:97:in `run_callbacks'
  actionpack (5.1.3) lib/action_dispatch/middleware/callbacks.rb:24:in `call'
  actionpack (5.1.3) lib/action_dispatch/middleware/executor.rb:12:in `call'
  better_errors (2.3.0) lib/better_errors/middleware.rb:84:in `protected_app_call'
  better_errors (2.3.0) lib/better_errors/middleware.rb:79:in `better_errors_call'
  better_errors (2.3.0) lib/better_errors/middleware.rb:57:in `call'
  actionpack (5.1.3) lib/action_dispatch/middleware/debug_exceptions.rb:59:in `call'
  web-console (3.5.1) lib/web_console/middleware.rb:135:in `call_app'
  web-console (3.5.1) lib/web_console/middleware.rb:28:in `block in call'
  web-console (3.5.1) lib/web_console/middleware.rb:18:in `call'
  actionpack (5.1.3) lib/action_dispatch/middleware/show_exceptions.rb:31:in `call'
  railties (5.1.3) lib/rails/rack/logger.rb:36:in `call_app'
  railties (5.1.3) lib/rails/rack/logger.rb:24:in `block in call'
  activesupport (5.1.3) lib/active_support/tagged_logging.rb:69:in `block in tagged'
  activesupport (5.1.3) lib/active_support/tagged_logging.rb:26:in `tagged'
  activesupport (5.1.3) lib/active_support/tagged_logging.rb:69:in `tagged'
  railties (5.1.3) lib/rails/rack/logger.rb:24:in `call'
  sprockets-rails (3.2.0) lib/sprockets/rails/quiet_assets.rb:13:in `call'
  actionpack (5.1.3) lib/action_dispatch/middleware/remote_ip.rb:79:in `call'
  actionpack (5.1.3) lib/action_dispatch/middleware/request_id.rb:25:in `call'
  rack (2.0.3) lib/rack/method_override.rb:22:in `call'
  rack (2.0.3) lib/rack/runtime.rb:22:in `call'
  activesupport (5.1.3) lib/active_support/cache/strategy/local_cache_middleware.rb:27:in `call'
  actionpack (5.1.3) lib/action_dispatch/middleware/executor.rb:12:in `call'
  actionpack (5.1.3) lib/action_dispatch/middleware/static.rb:125:in `call'
  rack (2.0.3) lib/rack/sendfile.rb:111:in `call'
  rack-mini-profiler (0.10.5) lib/mini_profiler/profiler.rb:282:in `call'
  railties (5.1.3) lib/rails/engine.rb:522:in `call'
  puma (3.10.0) lib/puma/configuration.rb:225:in `call'
  puma (3.10.0) lib/puma/server.rb:605:in `handle_request'
  puma (3.10.0) lib/puma/server.rb:437:in `process_client'
  puma (3.10.0) lib/puma/server.rb:301:in `block in run'
  puma (3.10.0) lib/puma/thread_pool.rb:120:in `block in spawn_thread'

Started POST "/__better_errors/efa310370d6b8fc6/variables" for 127.0.0.1 at 2018-12-05 13:05:31 -0800
Started GET "/" for 127.0.0.1 at 2018-12-05 13:06:11 -0800
  [1m[35m (2.4ms)[0m  [1m[34mSELECT "schema_migrations"."version" FROM "schema_migrations" ORDER BY "schema_migrations"."version" ASC[0m
Processing by HomeController#index as HTML
Completed 401 Unauthorized in 15ms (ActiveRecord: 0.0ms)


Started GET "/users/sign_in" for 127.0.0.1 at 2018-12-05 13:06:12 -0800
Processing by Devise::SessionsController#new as HTML
  Rendering devise/sessions/new.html.erb within layouts/guest
  Rendered devise/shared/_links.html.erb (2.6ms)
  Rendered devise/sessions/new.html.erb within layouts/guest (21.4ms)
  Rendering layouts/application.html.erb
  Rendered layouts/application.html.erb (4341.6ms)
Completed 200 OK in 4414ms (Views: 4377.4ms | ActiveRecord: 9.5ms)


Started POST "/users/sign_in" for 127.0.0.1 at 2018-12-05 13:07:51 -0800
Processing by Devise::SessionsController#create as HTML
  Parameters: {"utf8"=>"✓", "authenticity_token"=>"fmzNEKVqZnJgJSZJM6zodVcyWvVFGL/dzXw/Na7+TU9Zbj+zKccDhTC/hYfNhOPnAfNnkdAJzSDGhq6v+fXaNg==", "user"=>{"email"=>"admin@test.com", "password"=>"[FILTERED]", "remember_me"=>"0"}, "commit"=>"Sign in"}
  [1m[36mUser Load (8.5ms)[0m  [1m[34mSELECT  "users".* FROM "users" WHERE "users"."email" = $1 ORDER BY "users"."id" ASC LIMIT $2[0m  [["email", "admin@test.com"], ["LIMIT", 1]]
  [1m[35m (0.6ms)[0m  [1m[35mBEGIN[0m
  [1m[35mSQL (1.1ms)[0m  [1m[33mUPDATE "users" SET "current_sign_in_at" = $1, "last_sign_in_at" = $2, "current_sign_in_ip" = $3, "last_sign_in_ip" = $4, "sign_in_count" = $5, "updated_at" = $6 WHERE "users"."id" = $7[0m  [["current_sign_in_at", "2018-12-05 21:07:51.332196"], ["last_sign_in_at", "2018-12-05 21:07:51.332196"], ["current_sign_in_ip", "127.0.0.1"], ["last_sign_in_ip", "127.0.0.1"], ["sign_in_count", 1], ["updated_at", "2018-12-05 21:07:51.333624"], ["id", 1]]
  [1m[35m (4.1ms)[0m  [1m[35mCOMMIT[0m
Redirected to http://localhost:3000/
Completed 302 Found in 186ms (ActiveRecord: 14.2ms)


Started GET "/" for 127.0.0.1 at 2018-12-05 13:07:51 -0800
Processing by HomeController#index as HTML
  [1m[36mUser Load (0.8ms)[0m  [1m[34mSELECT  "users".* FROM "users" WHERE "users"."id" = $1 ORDER BY "users"."id" ASC LIMIT $2[0m  [["id", 1], ["LIMIT", 1]]
  Rendering home/index.html.erb within layouts/admin
  Rendered home/index.html.erb within layouts/admin (0.4ms)
  Rendered layouts/_base_menu_items.html.erb (0.2ms)
  Rendering layouts/application.html.erb
  Rendered layouts/application.html.erb (60.5ms)
Completed 200 OK in 75ms (Views: 69.8ms | ActiveRecord: 0.8ms)


Started GET "/users/edit" for 127.0.0.1 at 2018-12-05 13:07:54 -0800
Processing by Users::RegistrationsController#edit as HTML
  [1m[36mUser Load (1.1ms)[0m  [1m[34mSELECT  "users".* FROM "users" WHERE "users"."id" = $1 ORDER BY "users"."id" ASC LIMIT $2[0m  [["id", 1], ["LIMIT", 1]]
  Rendering devise/registrations/edit.html.erb within layouts/admin
  Rendered devise/registrations/_custom_fields.html.erb (1.3ms)
  Rendered devise/registrations/edit.html.erb within layouts/admin (12.9ms)
  Rendered layouts/_base_menu_items.html.erb (0.3ms)
  Rendering layouts/application.html.erb
  Rendered layouts/application.html.erb (96.0ms)
Completed 200 OK in 127ms (Views: 122.1ms | ActiveRecord: 1.1ms)


Started PUT "/users" for 127.0.0.1 at 2018-12-05 13:08:17 -0800
Processing by Users::RegistrationsController#update as HTML
  Parameters: {"utf8"=>"✓", "authenticity_token"=>"CmCVF5NLVaZMPaKjsr5UJJ8rRDnEQ7sWbYkwbyUuOKho9RpdjHU0rMwCa4dVxshF+jEP5GjtfuUyaB6ayXaTuQ==", "user"=>{"email"=>"bwoodreid@gmail.com", "password"=>"[FILTERED]", "password_confirmation"=>"[FILTERED]", "current_password"=>"[FILTERED]", "first_name"=>"Admin", "last_name"=>"User"}, "commit"=>"Update"}
  [1m[36mUser Load (1.4ms)[0m  [1m[34mSELECT  "users".* FROM "users" WHERE "users"."id" = $1 ORDER BY "users"."id" ASC LIMIT $2[0m  [["id", 1], ["LIMIT", 1]]
  [1m[36mUser Load (0.7ms)[0m  [1m[34mSELECT  "users".* FROM "users" WHERE "users"."id" = $1 LIMIT $2[0m  [["id", 1], ["LIMIT", 1]]
  [1m[35m (0.6ms)[0m  [1m[35mBEGIN[0m
  [1m[36mUser Exists (1.2ms)[0m  [1m[34mSELECT  1 AS one FROM "users" WHERE "users"."email" = $1 AND ("users"."id" != $2) LIMIT $3[0m  [["email", "bwoodreid@gmail.com"], ["id", 1], ["LIMIT", 1]]
  [1m[35m (2.6ms)[0m  [1m[31mROLLBACK[0m
  Rendering devise/registrations/edit.html.erb within layouts/admin
  Rendered devise/registrations/_custom_fields.html.erb (0.9ms)
  Rendered devise/registrations/edit.html.erb within layouts/admin (10.1ms)
  Rendered layouts/_base_menu_items.html.erb (0.3ms)
  Rendering layouts/application.html.erb
  Rendered layouts/application.html.erb (83.6ms)
Completed 200 OK in 378ms (Views: 104.5ms | ActiveRecord: 7.1ms)


Started PUT "/users" for 127.0.0.1 at 2018-12-05 13:08:33 -0800
Processing by Users::RegistrationsController#update as HTML
  Parameters: {"utf8"=>"✓", "authenticity_token"=>"StLTqt9xBPkyan/mvfNecy9qTooIXAG+FE0Jnm/5dwNcSFYfSpuaZCFII6Z54BuGsSQ0NRdyQlaoONEe1oylUg==", "user"=>{"email"=>"bwoodreid@gmail.com", "password"=>"[FILTERED]", "password_confirmation"=>"[FILTERED]", "current_password"=>"[FILTERED]", "first_name"=>"Admin", "last_name"=>"User"}, "commit"=>"Update"}
  [1m[36mUser Load (1.2ms)[0m  [1m[34mSELECT  "users".* FROM "users" WHERE "users"."id" = $1 ORDER BY "users"."id" ASC LIMIT $2[0m  [["id", 1], ["LIMIT", 1]]
  [1m[36mUser Load (0.9ms)[0m  [1m[34mSELECT  "users".* FROM "users" WHERE "users"."id" = $1 LIMIT $2[0m  [["id", 1], ["LIMIT", 1]]
  [1m[35m (0.7ms)[0m  [1m[35mBEGIN[0m
  [1m[36mUser Exists (0.9ms)[0m  [1m[34mSELECT  1 AS one FROM "users" WHERE "users"."email" = $1 AND ("users"."id" != $2) LIMIT $3[0m  [["email", "bwoodreid@gmail.com"], ["id", 1], ["LIMIT", 1]]
  [1m[35mSQL (1.0ms)[0m  [1m[33mUPDATE "users" SET "unconfirmed_email" = $1, "encrypted_password" = $2, "confirmation_token" = $3, "confirmation_sent_at" = $4, "updated_at" = $5 WHERE "users"."id" = $6[0m  [["unconfirmed_email", "bwoodreid@gmail.com"], ["encrypted_password", "$2a$11$IDA6r9IiltV6RFDe5zGJ2OBV15EbYA2.mUixmeUYo/ZsJS4/Gbixu"], ["confirmation_token", "431JLnaPzb_nPqj1mAn3"], ["confirmation_sent_at", "2018-12-05 21:08:33.867268"], ["updated_at", "2018-12-05 21:08:33.866953"], ["id", 1]]
  [1m[35m (3.0ms)[0m  [1m[35mCOMMIT[0m
  Rendering devise/mailer/confirmation_instructions.html.erb
  Rendered devise/mailer/confirmation_instructions.html.erb (1.6ms)
Devise::Mailer#confirmation_instructions: processed outbound mail in 266.0ms
Sent mail to bwoodreid@gmail.com (34.9ms)
Date: Wed, 05 Dec 2018 13:08:34 -0800
From: bwoodreid@gmail.com
Reply-To: bwoodreid@gmail.com
To: bwoodreid@gmail.com
Message-ID: <5c083e52430d5_5a403fd2b3c98dec886ef@Brentwoods-MacBook-Pro.local.mail>
Subject: Confirmation instructions
Mime-Version: 1.0
Content-Type: text/html;
 charset=UTF-8
Content-Transfer-Encoding: 7bit

<p>Welcome admin@test.com!</p>

<p>You can confirm your account email through the link below:</p>

<p><a href="http://localhost:3000/users/confirmation?confirmation_token=431JLnaPzb_nPqj1mAn3&amp;locale=en">Confirm my account</a></p>

Redirected to http://localhost:3000/
Completed 302 Found in 709ms (ActiveRecord: 7.7ms)


Started GET "/" for 127.0.0.1 at 2018-12-05 13:08:34 -0800
Processing by HomeController#index as HTML
  [1m[36mUser Load (1.3ms)[0m  [1m[34mSELECT  "users".* FROM "users" WHERE "users"."id" = $1 ORDER BY "users"."id" ASC LIMIT $2[0m  [["id", 1], ["LIMIT", 1]]
  Rendering home/index.html.erb within layouts/admin
  Rendered home/index.html.erb within layouts/admin (1.2ms)
  Rendered layouts/_base_menu_items.html.erb (0.7ms)
  Rendering layouts/application.html.erb
  Rendered layouts/application.html.erb (145.9ms)
Completed 200 OK in 164ms (Views: 156.4ms | ActiveRecord: 1.3ms)


Started GET "/users/confirmation?confirmation_token=431JLnaPzb_nPqj1mAn3&locale=en" for 127.0.0.1 at 2018-12-05 13:08:40 -0800
Processing by Devise::ConfirmationsController#show as HTML
  Parameters: {"confirmation_token"=>"431JLnaPzb_nPqj1mAn3", "locale"=>"en"}
  [1m[36mUser Load (1.0ms)[0m  [1m[34mSELECT  "users".* FROM "users" WHERE "users"."confirmation_token" = $1 ORDER BY "users"."id" ASC LIMIT $2[0m  [["confirmation_token", "431JLnaPzb_nPqj1mAn3"], ["LIMIT", 1]]
  [1m[35m (0.5ms)[0m  [1m[35mBEGIN[0m
  [1m[36mUser Exists (0.8ms)[0m  [1m[34mSELECT  1 AS one FROM "users" WHERE "users"."email" = $1 AND ("users"."id" != $2) LIMIT $3[0m  [["email", "bwoodreid@gmail.com"], ["id", 1], ["LIMIT", 1]]
  [1m[35mSQL (1.3ms)[0m  [1m[33mUPDATE "users" SET "confirmed_at" = $1, "unconfirmed_email" = $2, "email" = $3, "updated_at" = $4 WHERE "users"."id" = $5[0m  [["confirmed_at", "2018-12-05 21:08:40.737566"], ["unconfirmed_email", nil], ["email", "bwoodreid@gmail.com"], ["updated_at", "2018-12-05 21:08:40.740815"], ["id", 1]]
  [1m[35m (0.9ms)[0m  [1m[35mCOMMIT[0m
  [1m[36mUser Load (0.9ms)[0m  [1m[34mSELECT  "users".* FROM "users" WHERE "users"."id" = $1 ORDER BY "users"."id" ASC LIMIT $2[0m  [["id", 1], ["LIMIT", 1]]
Redirected to http://localhost:3000/
Completed 302 Found in 14ms (ActiveRecord: 5.5ms)


Started GET "/" for 127.0.0.1 at 2018-12-05 13:08:40 -0800
Processing by HomeController#index as HTML
  [1m[36mUser Load (1.3ms)[0m  [1m[34mSELECT  "users".* FROM "users" WHERE "users"."id" = $1 ORDER BY "users"."id" ASC LIMIT $2[0m  [["id", 1], ["LIMIT", 1]]
  Rendering home/index.html.erb within layouts/admin
  Rendered home/index.html.erb within layouts/admin (0.3ms)
  Rendered layouts/_base_menu_items.html.erb (0.2ms)
  Rendering layouts/application.html.erb
  Rendered layouts/application.html.erb (94.3ms)
Completed 200 OK in 109ms (Views: 102.9ms | ActiveRecord: 1.3ms)


